[debug] [2025-09-03T17:33:54.198Z] ----------------------------------------------------------------------
[debug] [2025-09-03T17:33:54.217Z] Command:       C:\Program Files\nodejs\node.exe C:\Users\jech_\AppData\Roaming\npm\node_modules\firebase-tools\lib\bin\firebase.js init
[debug] [2025-09-03T17:33:54.217Z] CLI Version:   14.12.1
[debug] [2025-09-03T17:33:54.217Z] Platform:      win32
[debug] [2025-09-03T17:33:54.217Z] Node Version:  v22.14.0
[debug] [2025-09-03T17:33:54.218Z] Time:          Wed Sep 03 2025 12:33:54 GMT-0500 (hora estándar oriental)
[debug] [2025-09-03T17:33:54.218Z] ----------------------------------------------------------------------
[debug] 
[debug] [2025-09-03T17:33:54.220Z] >>> [apiv2][query] GET https://firebase-public.firebaseio.com/cli.json [none]
[debug] [2025-09-03T17:33:54.562Z] > command requires scopes: ["email","openid","https://www.googleapis.com/auth/cloudplatformprojects.readonly","https://www.googleapis.com/auth/firebase","https://www.googleapis.com/auth/cloud-platform"]
[debug] [2025-09-03T17:33:54.563Z] > authorizing via signed-in user (iotaplicacionweb@gmail.com)
[info] 
     ######## #### ########  ######## ########     ###     ######  ########
     ##        ##  ##     ## ##       ##     ##  ##   ##  ##       ##
     ######    ##  ########  ######   ########  #########  ######  ######
     ##        ##  ##    ##  ##       ##     ## ##     ##       ## ##
     ##       #### ##     ## ######## ########  ##     ##  ######  ########

You're about to initialize a Firebase project in this directory:

  C:\Users\jech_\Quasar\PWA-Actual

Before we get started, keep in mind:

  * You are initializing within an existing Firebase project directory

[debug] [2025-09-03T17:33:55.016Z] <<< [apiv2][status] GET https://firebase-public.firebaseio.com/cli.json 200
[debug] [2025-09-03T17:33:55.018Z] <<< [apiv2][body] GET https://firebase-public.firebaseio.com/cli.json {"cloudBuildErrorAfter":1594252800000,"cloudBuildWarnAfter":1590019200000,"defaultNode10After":1594252800000,"minVersion":"3.0.5","node8DeploysDisabledAfter":1613390400000,"node8RuntimeDisabledAfter":1615809600000,"node8WarnAfter":1600128000000}
[info] 
=== Project Setup
[info] 
[info] First, let's associate this project directory with a Firebase project.
[info] You can create multiple project aliases by running firebase use --add, 
[info] but for now we'll just set up a default project.
[info] 
[debug] [2025-09-03T17:34:38.901Z] Using project from CLI flag: sistemaiotitch
[debug] [2025-09-03T17:34:38.903Z] Checked if tokens are valid: false, expires at: 1755810701002
[debug] [2025-09-03T17:34:38.903Z] Checked if tokens are valid: false, expires at: 1755810701002
[debug] [2025-09-03T17:34:38.903Z] > refreshing access token with scopes: []
[debug] [2025-09-03T17:34:38.906Z] >>> [apiv2][query] POST https://www.googleapis.com/oauth2/v3/token [none]
[debug] [2025-09-03T17:34:38.907Z] >>> [apiv2][body] POST https://www.googleapis.com/oauth2/v3/token [omitted]
[debug] [2025-09-03T17:34:39.412Z] <<< [apiv2][status] POST https://www.googleapis.com/oauth2/v3/token 200
[debug] [2025-09-03T17:34:39.412Z] <<< [apiv2][body] POST https://www.googleapis.com/oauth2/v3/token [omitted]
[debug] [2025-09-03T17:34:39.421Z] >>> [apiv2][query] GET https://firebase.googleapis.com/v1beta1/projects/sistemaiotitch [none]
[debug] [2025-09-03T17:34:40.007Z] <<< [apiv2][status] GET https://firebase.googleapis.com/v1beta1/projects/sistemaiotitch 200
[debug] [2025-09-03T17:34:40.007Z] <<< [apiv2][body] GET https://firebase.googleapis.com/v1beta1/projects/sistemaiotitch {"projectId":"sistemaiotitch","projectNumber":"743495962731","displayName":"sistemaiotitch","name":"projects/sistemaiotitch","resources":{"hostingSite":"sistemaiotitch"},"state":"ACTIVE","etag":"1_d6b46ea4-470d-479b-ac10-9a0ae2c079b3"}
[info] i  Using project sistemaiotitch (sistemaiotitch) 
[info] 
=== Hosting Setup
[debug] [2025-09-03T17:34:40.317Z] Checked if tokens are valid: true, expires at: 1756924478412
[debug] [2025-09-03T17:34:40.317Z] Checked if tokens are valid: true, expires at: 1756924478412
[debug] [2025-09-03T17:34:40.318Z] >>> [apiv2][query] GET https://firebase.googleapis.com/v1beta1/projects/sistemaiotitch [none]
[debug] [2025-09-03T17:34:40.561Z] <<< [apiv2][status] GET https://firebase.googleapis.com/v1beta1/projects/sistemaiotitch 200
[debug] [2025-09-03T17:34:40.561Z] <<< [apiv2][body] GET https://firebase.googleapis.com/v1beta1/projects/sistemaiotitch {"projectId":"sistemaiotitch","projectNumber":"743495962731","displayName":"sistemaiotitch","name":"projects/sistemaiotitch","resources":{"hostingSite":"sistemaiotitch"},"state":"ACTIVE","etag":"1_d6b46ea4-470d-479b-ac10-9a0ae2c079b3"}
[info] 
[info] Your public directory is the folder (relative to your project directory) that
[info] will contain Hosting assets to be uploaded with firebase deploy. If you
[info] have a build process for your assets, use your build's output directory.
[info] 
